<?xml version="1.0" encoding="UTF-8"?>
<testsuite xmlns:xsi="http://www.w3.org/2001/XMLSchema-instance" xsi:noNamespaceSchemaLocation="https://maven.apache.org/surefire/maven-surefire-plugin/xsd/surefire-test-report.xsd" name="TestSuite" time="14.042" tests="16" errors="0" skipped="0" failures="8">
  <properties>
[...]
</properties>
  <testcase name="Create_User_Positive_Test" classname="Tests.PositiveNegativeTests" time="0.981"/>
  <testcase name="Create_User_Positive_Test" classname="Tests.PositiveNegativeTests" time="0.076"/>
  <testcase name="Create_User_Negative_Test" classname="Tests.PositiveNegativeTests" time="0.078"/>
  <testcase name="Create_User_Negative_Test" classname="Tests.PositiveNegativeTests" time="0.089"/>
  <testcase name="Create_User_Negative_Test" classname="Tests.PositiveNegativeTests" time="0.104">
    <failure message="1 expectation failed.&#10;Expected status code &lt;400&gt; but was &lt;200&gt;.&#10;" type="java.lang.AssertionError"><![CDATA[java.lang.AssertionError: 
1 expectation failed.
Expected status code <400> but was <200>.

	at Tests.PositiveNegativeTests.Create_User_Negative_Test(PositiveNegativeTests.java:64)
]]></failure>
  </testcase>
  <testcase name="Get_UserInfo_Positive_Test" classname="Tests.PositiveNegativeTests" time="10.659"/>
  <testcase name="Get_UserInfo_Negative_Test" classname="Tests.PositiveNegativeTests" time="0.081">
    <failure message="1 expectation failed.&#10;Expected status code &lt;404&gt; but was &lt;200&gt;.&#10;" type="java.lang.AssertionError"><![CDATA[java.lang.AssertionError: 
1 expectation failed.
Expected status code <404> but was <200>.

	at Tests.PositiveNegativeTests.Get_UserInfo_Negative_Test(PositiveNegativeTests.java:108)
]]></failure>
    <system-out><![CDATA[Body:
{
    "playerId": 1681574823
}
]]></system-out>
  </testcase>
  <testcase name="Update_Created_User_Positive_Test" classname="Tests.PositiveNegativeTests" time="0.202">
    <failure message="1 expectation failed.&#10;Expected status code &lt;200&gt; but was &lt;403&gt;.&#10;" type="java.lang.AssertionError"><![CDATA[java.lang.AssertionError: 
1 expectation failed.
Expected status code <200> but was <403>.

	at Tests.PositiveNegativeTests.Update_Created_User_Positive_Test(PositiveNegativeTests.java:129)
]]></failure>
    <system-out><![CDATA[{
    "id": 1681574813,
    "login": "UserUser1",
    "screenName": "Alibaba",
    "gender": "male",
    "age": 35,
    "role": "user"
}
]]></system-out>
  </testcase>
  <testcase name="Update_Created_User_Negative_Test" classname="Tests.PositiveNegativeTests" time="0.078"/>
  <testcase name="Delete_User_Positive_Test" classname="Tests.PositiveNegativeTests" time="0.144"/>
  <testcase name="Delete_User_Negative_Test" classname="Tests.PositiveNegativeTests" time="0.15"/>
  <testcase name="Can_We_Create_A_New_User_As_Admin" classname="Tests.CriticalTests" time="0.074">
    <failure message="1 expectation failed.&#10;Expected status code &lt;200&gt; but was &lt;403&gt;.&#10;" type="java.lang.AssertionError"><![CDATA[java.lang.AssertionError: 
1 expectation failed.
Expected status code <200> but was <403>.

	at Tests.CriticalTests.Can_We_Create_A_New_User_As_Admin(CriticalTests.java:35)
]]></failure>
  </testcase>
  <testcase name="Can_We_Create_A_New_User_That_Is_Exist" classname="Tests.CriticalTests" time="0.074">
    <failure message="1 expectation failed.&#10;Expected status code &lt;403&gt; but was &lt;200&gt;.&#10;" type="java.lang.AssertionError"><![CDATA[java.lang.AssertionError: 
1 expectation failed.
Expected status code <403> but was <200>.

	at Tests.CriticalTests.Can_We_Create_A_New_User_That_Is_Exist(CriticalTests.java:54)
]]></failure>
  </testcase>
  <testcase name="Can_We_Create_A_New_User_Without_Password" classname="Tests.CriticalTests" time="0.074">
    <failure message="1 expectation failed.&#10;Expected status code &lt;403&gt; but was &lt;200&gt;.&#10;" type="java.lang.AssertionError"><![CDATA[java.lang.AssertionError: 
1 expectation failed.
Expected status code <403> but was <200>.

	at Tests.CriticalTests.Can_We_Create_A_New_User_Without_Password(CriticalTests.java:88)
]]></failure>
  </testcase>
  <testcase name="Can_We_Update_The_User_As_Admin" classname="Tests.CriticalTests" time="0.072">
    <failure message="1 expectation failed.&#10;Expected status code &lt;200&gt; but was &lt;403&gt;.&#10;" type="java.lang.AssertionError"><![CDATA[java.lang.AssertionError: 
1 expectation failed.
Expected status code <200> but was <403>.

	at Tests.CriticalTests.Can_We_Update_The_User_As_Admin(CriticalTests.java:132)
]]></failure>
  </testcase>
  <testcase name="Can_We_Delete_Another_User_As_User" classname="Tests.CriticalTests" time="0.072">
    <failure message="1 expectation failed.&#10;Expected status code &lt;403&gt; but was &lt;200&gt;.&#10;" type="java.lang.AssertionError"><![CDATA[java.lang.AssertionError: 
1 expectation failed.
Expected status code <403> but was <200>.

	at Tests.CriticalTests.Can_We_Delete_Another_User_As_User(CriticalTests.java:106)
]]></failure>
  </testcase>
</testsuite>